\BOOKMARK [1][-]{section.1}{\376\377\137\025\212\000}{}% 1
\BOOKMARK [1][-]{section.2}{\376\377\166\370\121\163\135\345\117\134}{}% 2
\BOOKMARK [2][-]{subsection.2.1}{\376\377\127\072\146\157\122\006\174\173}{section.2}% 3
\BOOKMARK [2][-]{subsection.2.2}{\376\377\201\352\166\321\167\143\211\306\211\311\210\150\171\072\133\146\116\140}{section.2}% 4
\BOOKMARK [2][-]{subsection.2.3}{\376\377\155\361\136\246\116\023\165\050\230\204\213\255\176\303}{section.2}% 5
\BOOKMARK [2][-]{subsection.2.4}{\376\377\217\301\171\373\133\146\116\140\116\016\166\356\150\007\133\371\237\120}{section.2}% 6
\BOOKMARK [1][-]{section.3}{\376\377\145\271\154\325}{}% 7
\BOOKMARK [2][-]{subsection.3.1}{\376\377\140\073\117\123\150\106\147\266}{section.3}% 8
\BOOKMARK [2][-]{subsection.3.2}{\376\377\232\250\136\162\177\121\176\334\147\266\147\204\377\032\000D\000I\000N\000O\000v\0002\000-\000B\000a\000s\000e}{section.3}% 9
\BOOKMARK [2][-]{subsection.3.3}{\376\377\176\277\140\047\122\006\174\173\126\150}{section.3}% 10
\BOOKMARK [2][-]{subsection.3.4}{\376\377\143\137\131\061\121\375\145\160}{section.3}% 11
\BOOKMARK [2][-]{subsection.3.5}{\376\377\213\255\176\303\176\306\202\202}{section.3}% 12
\BOOKMARK [2][-]{subsection.3.6}{\376\377\145\160\143\156\226\306\377\032\000N\000Y\000U\000\040\000D\000e\000p\000t\000h\000\040\000V\0002}{section.3}% 13
\BOOKMARK [1][-]{section.4}{\376\377\133\236\232\214}{}% 14
\BOOKMARK [2][-]{subsection.4.1}{\376\377\133\236\232\214\213\276\213\241}{section.4}% 15
\BOOKMARK [2][-]{subsection.4.2}{\376\377\116\073\211\201\176\323\147\234}{section.4}% 16
\BOOKMARK [2][-]{subsection.4.3}{\376\377\213\255\176\303\122\250\140\001}{section.4}% 17
\BOOKMARK [2][-]{subsection.4.4}{\376\377\145\160\143\156\130\236\137\072\166\204\137\161\124\315}{section.4}% 18
\BOOKMARK [2][-]{subsection.4.5}{\376\377\220\002\221\115\126\150\147\266\147\204\155\210\207\215\377\010\127\372\116\216\000\040\000C\000L\000I\000P\000\040\166\204\145\271\154\325\377\011}{section.4}% 19
\BOOKMARK [1][-]{section.5}{\376\377\213\250\213\272}{}% 20
\BOOKMARK [2][-]{subsection.5.1}{\376\377\155\361\136\246\230\204\213\255\176\303\162\171\137\201\116\072\117\125\210\150\163\260\217\203\135\356}{section.5}% 21
\BOOKMARK [2][-]{subsection.5.2}{\376\377\133\371\217\301\171\373\133\146\116\140\133\236\215\365\166\204\124\057\171\072}{section.5}% 22
\BOOKMARK [2][-]{subsection.5.3}{\376\377\134\100\226\120\140\047}{section.5}% 23
\BOOKMARK [1][-]{section.6}{\376\377\176\323\213\272}{}% 24
\BOOKMARK [1][-]{section*.8}{\376\377\000R\000e\000f\000e\000r\000e\000n\000c\000e\000s}{}% 25
